\BOOKMARK [0][-]{part.1}{\376\377\000I\000.\000\040\000K\000\366\000z\000l\000e\000k\000e\000d\000\351\000s\000i\000\040\000o\000b\000j\000e\000k\000t\000u\000m\000o\000k\000\040\000d\000e\000t\000e\000k\000t\000\341\000l\000\341\000s\000a\000\040\000Y\000o\000l\000o\000v\0005\000-\000\366\000s\000\040\000h\000\341\000l\000\363\000v\000a\000l}{}% 1
\BOOKMARK [1][-]{section.1}{\376\377\000B\000e\000v\000e\000z\000e\000t\000\351\000s}{part.1}% 2
\BOOKMARK [2][-]{subsection.1.1}{\376\377\000F\000e\000l\000v\000e\000t\000e\000t\000t\000\040\000p\000r\000o\000b\000l\000\351\000m\000a\000k\000\366\000r}{section.1}% 3
\BOOKMARK [1][-]{section.2}{\376\377\000K\000o\000n\000v\000o\000l\000\372\000c\000i\000\363\000s\000\040\000N\000e\000u\000r\000\341\000l\000i\000s\000\040\000h\000\341\000l\000\363\000k}{part.1}% 4
\BOOKMARK [2][-]{subsection.2.1}{\376\377\0002\000D\000\040\000d\000i\000s\000z\000k\000r\000\351\000t\000\040\000K\000o\000n\000v\000o\000l\000\372\000c\000i\000\363}{section.2}% 5
\BOOKMARK [2][-]{subsection.2.2}{\376\377\000P\000o\000o\000l\000i\000n\000g}{section.2}% 6
\BOOKMARK [2][-]{subsection.2.3}{\376\377\000T\000e\000l\000j\000e\000s\000e\000n\000\040\000\366\000s\000s\000z\000e\000k\000a\000p\000c\000s\000o\000l\000t\000\040\000r\000\351\000t\000e\000g}{section.2}% 7
\BOOKMARK [2][-]{subsection.2.4}{\376\377\000B\000a\000t\000c\000h\000\040\000n\000o\000r\000m\000a\000l\000i\000z\000\341\000l\000\341\000s}{section.2}% 8
\BOOKMARK [1][-]{section.3}{\376\377\000Y\000o\000l\000o\000v\0005\000\040\000\351\000s\000\040\000g\000y\000a\000k\000o\000r\000l\000a\000t\000i\000\040\000a\000l\000k\000a\000l\000m\000a\000z\000\341\000s\000a}{part.1}% 9
\BOOKMARK [2][-]{subsection.3.1}{\376\377\000Y\000O\000L\000O\000v\0005\000\040\000\351\000s\000\040\000h\000a\000s\000z\000n\000\341\000l\000t\000\040\000v\000e\000r\000z\000i\000\363\000k}{section.3}% 10
\BOOKMARK [2][-]{subsection.3.2}{\376\377\000A\000d\000a\000t\000h\000a\000l\000m\000a\000z\000,\000\040\000C\000i\000t\000y\000s\000c\000a\000p\000e\000s}{section.3}% 11
\BOOKMARK [2][-]{subsection.3.3}{\376\377\000F\000o\000r\000m\000\341\000t\000u\000m\000k\000o\000n\000v\000e\000r\000z\000i\000\363}{section.3}% 12
\BOOKMARK [2][-]{subsection.3.4}{\376\377\000T\000a\000n\000\355\000t\000\341\000s\000\040\000\351\000s\000\040\000v\000a\000l\000i\000d\000\341\000c\000i\000\363\000,\000\040\000a\000d\000a\000t\000o\000k\000\040\000k\000i\000\351\000r\000t\000\351\000k\000e\000l\000\351\000s\000e}{section.3}% 13
\BOOKMARK [2][-]{subsection.3.5}{\376\377\000M\000e\000g\000o\000l\000d\000\341\000s}{section.3}% 14
\BOOKMARK [0][-]{part.2}{\376\377\000I\000I\000.\000\040\000Y\000o\000l\000o\000v\0008\000-\000a\000s\000\040\000s\000z\000e\000g\000m\000e\000n\000t\000\341\000c\000i\000\363\000s\000\040\000h\000\341\000l\000\363\000\040\000\351\000s\000\040\000a\000n\000n\000a\000k\000\040\000m\000a\000g\000y\000a\000r\000\341\000z\000h\000a\000t\000\363\000s\000\341\000g\000a\000\040\000E\000i\000g\000e\000n\000C\000A\000M\000\040\000t\000\355\000p\000u\000s\000\372\000\040\000m\000o\000d\000e\000l\000l\000f\000\374\000g\000g\001\121\000\040\000m\000a\000g\000y\000a\000r\000\341\000z\000\363\000\040\000r\000e\000n\000d\000s\000z\000e\000r\000r\000e\000l}{}% 15
\BOOKMARK [1][-]{section.1}{\376\377\000B\000e\000v\000e\000z\000e\000t\000\351\000s}{part.2}% 16
\BOOKMARK [1][-]{section.2}{\376\377\000M\000\351\000l\000y\000\040\000t\000a\000n\000u\000l\000\341\000s\000\040\000\351\000s\000\040\000i\000n\000t\000e\000r\000p\000r\000e\000t\000\341\000l\000h\000a\000t\000\363\000s\000\341\000g}{part.2}% 17
\BOOKMARK [2][-]{subsection.2.1}{\376\377\000M\000a\000g\000y\000a\000r\000\341\000z\000h\000a\000t\000\363\000s\000\341\000g}{section.2}% 18
\BOOKMARK [1][-]{section.3}{\376\377\000Y\000O\000L\000O\000v\0008\000:\000\040\000S\000z\000e\000m\000a\000n\000t\000i\000k\000u\000s\000\040\000s\000z\000e\000g\000m\000e\000n\000t\000\341\000c\000i\000\363\000s\000\040\000h\000\341\000l\000\363\000\040\000\351\000s\000\040\000m\001\161\000k\000\366\000d\000\351\000s\000e}{part.2}% 19
\BOOKMARK [2][-]{subsection.3.1}{\376\377\000Y\000o\000l\000o\000v\0008\000\040\000a\000r\000c\000h\000i\000t\000e\000k\000t\000\372\000r\000a}{section.3}% 20
\BOOKMARK [2][-]{subsection.3.2}{\376\377\000S\000z\000e\000m\000a\000n\000t\000i\000k\000u\000s\000\040\000s\000z\000e\000g\000m\000e\000n\000t\000\341\000c\000i\000\363}{section.3}% 21
\BOOKMARK [2][-]{subsection.3.3}{\376\377\000A\000d\000a\000t\000h\000a\000l\000m\000a\000z\000o\000k\000\040\000\351\000s\000\040\000k\000\355\000s\000\351\000r\000l\000e\000t\000e\000k}{section.3}% 22
\BOOKMARK [2][-]{subsection.3.4}{\376\377\000M\000L\000O\000p\000s}{section.3}% 23
\BOOKMARK [1][-]{section.4}{\376\377\000E\000i\000g\000e\000n\000C\000A\000M\000:\000\040\000M\000o\000d\000e\000l\000l\000f\000\374\000g\000g\001\121\000n\000\040\000m\000a\000g\000y\000a\000r\000\341\000z\000\363}{part.2}% 24
\BOOKMARK [2][-]{subsection.4.1}{\376\377\000A\000k\000t\000i\000v\000\341\000c\000i\000\363\000k}{section.4}% 25
\BOOKMARK [1][-]{section.5}{\376\377\000A\000z\000\040\000E\000i\000g\000e\000n\000C\000A\000M\000\040\000a\000l\000k\000a\000l\000m\000a\000z\000\341\000s\000a\000\040\000a\000\040\000Y\000O\000L\000O\000v\0008\000-\000r\000a}{part.2}% 26
\BOOKMARK [2][-]{subsection.5.1}{\376\377\000I\000m\000p\000l\000e\000m\000e\000n\000t\000\341\000c\000i\000\363\000\040\000l\000\351\000p\000\351\000s\000e\000i}{section.5}% 27
\BOOKMARK [1][-]{section.6}{\376\377\000M\000a\000g\000y\000a\000r\000\341\000z\000h\000a\000t\000\363\000s\000\341\000g\000i\000\040\000e\000r\000e\000d\000m\000\351\000n\000y\000e\000k\000\040\000\351\000s\000\040\000\351\000r\000t\000\351\000k\000e\000l\000\351\000s}{part.2}% 28
\BOOKMARK [2][-]{subsection.6.1}{\376\377\000M\000a\000g\000y\000a\000r\000\341\000z\000a\000t}{section.6}% 29
\BOOKMARK [1][-]{section.7}{\376\377\000A\000z\000\040\000E\000i\000g\000e\000n\000C\000A\000M\000\040\000a\000l\000k\000a\000l\000m\000a\000z\000\341\000s\000\341\000n\000a\000k\000\040\000g\000y\000a\000k\000o\000r\000l\000a\000t\000i\000\040\000h\000a\000s\000z\000n\000a}{part.2}% 30
\BOOKMARK [2][-]{subsection.7.1}{\376\377\000E\000r\000e\000d\000m\000\351\000n\000y\000e\000k\000\040\000\366\000s\000s\000z\000e\000g\000z\000\351\000s\000e}{section.7}% 31
\BOOKMARK [1][-]{section.8}{\376\377\000J\000\366\000v\001\121\000b\000e\000l\000i\000\040\000i\000r\000\341\000n\000y\000o\000k\000\040\000\351\000s\000\040\000k\000u\000t\000a\000t\000\341\000s\000i\000\040\000l\000e\000h\000e\000t\001\121\000s\000\351\000g\000e\000k}{part.2}% 32
\BOOKMARK [1][-]{section.9}{\376\377\000S\000z\000\363\000-\000\040\000\351\000s\000\040\000r\000\366\000v\000i\000d\000\355\000t\000\351\000s\000\040\000j\000e\000g\000y\000z\000\351\000k}{part.2}% 33
\BOOKMARK [2][-]{subsection.9.1}{\376\377\000R\000\366\000v\000i\000d\000\355\000t\000\351\000s\000j\000e\000g\000y\000z\000\351\000k}{section.9}% 34
